Log file open, 05/30/18 15:40:21
LogWindows: Failed to load 'aqProf.dll' (GetLastError=126)
LogWindows: File 'aqProf.dll' does not exist
LogWindows: Failed to load 'VtuneApi.dll' (GetLastError=126)
LogWindows: File 'VtuneApi.dll' does not exist
LogWindows: Failed to load 'VtuneApi32e.dll' (GetLastError=126)
LogWindows: File 'VtuneApi32e.dll' does not exist
LogInit: Display: Running engine for game: 고그효3인칭에님이미터
LogPlatformFile: Not using cached read wrapper
LogInit: Display: RandInit(1193548648) SRandInit(1193548648).
LogInit: Read version file with build ID '3709383'
LogInit: Overriding engine version to CL 3832480, compatible CL 3709383
LogInit: Registered custom module enumerator with build ID '3709383'
LogTaskGraph: Started task graph with 5 named threads and 14 total threads with 3 sets of task threads.
LogStats: Stats thread started at 0.161671
LogD3D11RHI: Aftermath initialized
LogModuleManager: Display: Found up-to-date module file ../../../Engine/Plugins/2D/Paper2D/Binaries/Win64/UE4Editor-Paper2D.dll (API version 3709383).
LogModuleManager: Display: Found up-to-date module file ../../../Engine/Plugins/2D/Paper2D/Binaries/Win64/UE4Editor-Paper2DEditor.dll (API version 3709383).
LogModuleManager: Display: Found up-to-date module file ../../../Engine/Plugins/2D/Paper2D/Binaries/Win64/UE4Editor-PaperSpriteSheetImporter.dll (API version 3709383).
LogModuleManager: Display: Found up-to-date module file ../../../Engine/Plugins/2D/Paper2D/Binaries/Win64/UE4Editor-PaperTiledImporter.dll (API version 3709383).
LogModuleManager: Display: Found up-to-date module file ../../../Engine/Plugins/2D/Paper2D/Binaries/Win64/UE4Editor-SmartSnapping.dll (API version 3709383).
LogModuleManager: Display: Found up-to-date module file ../../../Engine/Plugins/Blendables/LightPropagationVolume/Binaries/Win64/UE4Editor-LightPropagationVolumeRuntime.dll (API version 3709383).
LogModuleManager: Display: Found up-to-date module file ../../../Engine/Plugins/Blendables/LightPropagationVolume/Binaries/Win64/UE4Editor-LightPropagationVolumeEditor.dll (API version 3709383).
LogModuleManager: Display: Found up-to-date module file ../../../Engine/Plugins/Developer/GitSourceControl/Binaries/Win64/UE4Editor-GitSourceControl.dll (API version 3709383).
LogModuleManager: Display: Found up-to-date module file ../../../Engine/Plugins/Developer/PerforceSourceControl/Binaries/Win64/UE4Editor-PerforceSourceControl.dll (API version 3709383).
LogModuleManager: Display: Found up-to-date module file ../../../Engine/Plugins/Developer/SubversionSourceControl/Binaries/Win64/UE4Editor-SubversionSourceControl.dll (API version 3709383).
LogModuleManager: Display: Found up-to-date module file ../../../Engine/Plugins/Developer/UObjectPlugin/Binaries/Win64/UE4Editor-UObjectPlugin.dll (API version 3709383).
LogModuleManager: Display: Found up-to-date module file ../../../Engine/Plugins/Developer/VisualStudioCodeSourceCodeAccess/Binaries/Win64/UE4Editor-VisualStudioCodeSourceCodeAccess.dll (API version 3709383).
LogModuleManager: Display: Found up-to-date module file ../../../Engine/Plugins/Developer/VisualStudioSourceCodeAccess/Binaries/Win64/UE4Editor-VisualStudioSourceCodeAccess.dll (API version 3709383).
LogModuleManager: Display: Found up-to-date module file ../../../Engine/Plugins/Editor/AssetManagerEditor/Binaries/Win64/UE4Editor-AssetManagerEditor.dll (API version 3709383).
LogModuleManager: Display: Found up-to-date module file ../../../Engine/Plugins/Editor/AudioCapture/Binaries/Win64/UE4Editor-AudioCapture.dll (API version 3709383).
LogModuleManager: Display: Found up-to-date module file ../../../Engine/Plugins/Editor/FacialAnimation/Binaries/Win64/UE4Editor-FacialAnimation.dll (API version 3709383).
LogModuleManager: Display: Found up-to-date module file ../../../Engine/Plugins/Editor/FacialAnimation/Binaries/Win64/UE4Editor-FacialAnimationEditor.dll (API version 3709383).
LogModuleManager: Display: Found up-to-date module file ../../../Engine/Plugins/Editor/GameplayTagsEditor/Binaries/Win64/UE4Editor-GameplayTagsEditor.dll (API version 3709383).
LogModuleManager: Display: Found up-to-date module file ../../../Engine/Plugins/Editor/MobileLauncherProfileWizard/Binaries/Win64/UE4Editor-MobileLauncherProfileWizard.dll (API version 3709383).
LogModuleManager: Display: Found up-to-date module file ../../../Engine/Plugins/Editor/PluginBrowser/Binaries/Win64/UE4Editor-PluginBrowser.dll (API version 3709383).
LogModuleManager: Display: Found up-to-date module file ../../../Engine/Plugins/Editor/SpeedTreeImporter/Binaries/Win64/UE4Editor-SpeedTreeImporter.dll (API version 3709383).
LogModuleManager: Display: Found up-to-date module file ../../../Engine/Plugins/Experimental/AlembicImporter/Binaries/Win64/UE4Editor-AlembicImporter.dll (API version 3709383).
LogModuleManager: Display: Found up-to-date module file ../../../Engine/Plugins/Experimental/AlembicImporter/Binaries/Win64/UE4Editor-AlembicLibrary.dll (API version 3709383).
LogModuleManager: Display: Found up-to-date module file ../../../Engine/Plugins/Experimental/CharacterAI/Binaries/Win64/UE4Editor-CharacterAI.dll (API version 3709383).
LogModuleManager: Display: Found up-to-date module file ../../../Engine/Plugins/Experimental/HTML5Networking/Binaries/Win64/UE4Editor-HTML5Networking.dll (API version 3709383).
LogModuleManager: Display: Found up-to-date module file ../../../Engine/Plugins/Media/AndroidMedia/Binaries/Win64/UE4Editor-AndroidMediaEditor.dll (API version 3709383).
LogModuleManager: Display: Found up-to-date module file ../../../Engine/Plugins/Media/AndroidMedia/Binaries/Win64/UE4Editor-AndroidMediaFactory.dll (API version 3709383).
LogModuleManager: Display: Found up-to-date module file ../../../Engine/Plugins/Media/AvfMedia/Binaries/Win64/UE4Editor-AvfMediaEditor.dll (API version 3709383).
LogModuleManager: Display: Found up-to-date module file ../../../Engine/Plugins/Media/AvfMedia/Binaries/Win64/UE4Editor-AvfMediaFactory.dll (API version 3709383).
LogModuleManager: Display: Found up-to-date module file ../../../Engine/Plugins/Media/AvfMedia/Binaries/Win64/UE4Editor-AvfMediaFactory.dll (API version 3709383).
LogModuleManager: Display: Found up-to-date module file ../../../Engine/Plugins/Media/ImgMedia/Binaries/Win64/UE4Editor-ImgMedia.dll (API version 3709383).
LogModuleManager: Display: Found up-to-date module file ../../../Engine/Plugins/Media/ImgMedia/Binaries/Win64/UE4Editor-ImgMediaEditor.dll (API version 3709383).
LogModuleManager: Display: Found up-to-date module file ../../../Engine/Plugins/Media/ImgMedia/Binaries/Win64/UE4Editor-ImgMediaFactory.dll (API version 3709383).
LogModuleManager: Display: Found up-to-date module file ../../../Engine/Plugins/Media/ImgMedia/Binaries/Win64/UE4Editor-ImgMediaFactory.dll (API version 3709383).
LogModuleManager: Display: Found up-to-date module file ../../../Engine/Plugins/Media/ImgMedia/Binaries/Win64/UE4Editor-OpenExrWrapper.dll (API version 3709383).
LogModuleManager: Display: Found up-to-date module file ../../../Engine/Plugins/Media/MediaCompositing/Binaries/Win64/UE4Editor-MediaCompositing.dll (API version 3709383).
LogModuleManager: Display: Found up-to-date module file ../../../Engine/Plugins/Media/MediaCompositing/Binaries/Win64/UE4Editor-MediaCompositingEditor.dll (API version 3709383).
LogModuleManager: Display: Found up-to-date module file ../../../Engine/Plugins/Media/MediaPlayerEditor/Binaries/Win64/UE4Editor-MediaPlayerEditor.dll (API version 3709383).
LogModuleManager: Display: Found up-to-date module file ../../../Engine/Plugins/Media/WmfMedia/Binaries/Win64/UE4Editor-WmfMedia.dll (API version 3709383).
LogModuleManager: Display: Found up-to-date module file ../../../Engine/Plugins/Media/WmfMedia/Binaries/Win64/UE4Editor-WmfMediaEditor.dll (API version 3709383).
LogModuleManager: Display: Found up-to-date module file ../../../Engine/Plugins/Media/WmfMedia/Binaries/Win64/UE4Editor-WmfMediaFactory.dll (API version 3709383).
LogModuleManager: Display: Found up-to-date module file ../../../Engine/Plugins/Media/WmfMedia/Binaries/Win64/UE4Editor-WmfMediaFactory.dll (API version 3709383).
LogModuleManager: Display: Found up-to-date module file ../../../Engine/Plugins/Messaging/TcpMessaging/Binaries/Win64/UE4Editor-TcpMessaging.dll (API version 3709383).
LogModuleManager: Display: Found up-to-date module file ../../../Engine/Plugins/Messaging/UdpMessaging/Binaries/Win64/UE4Editor-UdpMessaging.dll (API version 3709383).
LogModuleManager: Display: Found up-to-date module file ../../../Engine/Plugins/MovieScene/ActorSequence/Binaries/Win64/UE4Editor-ActorSequence.dll (API version 3709383).
LogModuleManager: Display: Found up-to-date module file ../../../Engine/Plugins/MovieScene/LevelSequenceEditor/Binaries/Win64/UE4Editor-LevelSequenceEditor.dll (API version 3709383).
LogModuleManager: Display: Found up-to-date module file ../../../Engine/Plugins/MovieScene/MatineeToLevelSequence/Binaries/Win64/UE4Editor-MatineeToLevelSequence.dll (API version 3709383).
LogModuleManager: Display: Found up-to-date module file ../../../Engine/Plugins/Online/OnlineSubsystem/Binaries/Win64/UE4Editor-OnlineSubsystem.dll (API version 3709383).
LogModuleManager: Display: Found up-to-date module file ../../../Engine/Plugins/Runtime/AndroidPermission/Binaries/Win64/UE4Editor-AndroidPermission.dll (API version 3709383).
LogModuleManager: Display: Found up-to-date module file ../../../Engine/Plugins/Online/OnlineSubsystemNull/Binaries/Win64/UE4Editor-OnlineSubsystemNull.dll (API version 3709383).
LogModuleManager: Display: Found up-to-date module file ../../../Engine/Plugins/Online/OnlineSubsystemUtils/Binaries/Win64/UE4Editor-OnlineSubsystemUtils.dll (API version 3709383).
LogModuleManager: Display: Found up-to-date module file ../../../Engine/Plugins/Online/OnlineSubsystemUtils/Binaries/Win64/UE4Editor-OnlineBlueprintSupport.dll (API version 3709383).
LogModuleManager: Display: Found up-to-date module file ../../../Engine/Plugins/Runtime/AndroidDeviceProfileSelector/Binaries/Win64/UE4Editor-AndroidDeviceProfileSelector.dll (API version 3709383).
LogModuleManager: Display: Found up-to-date module file ../../../Engine/Plugins/Runtime/AppleARKit/Binaries/Win64/UE4Editor-AppleARKit.dll (API version 3709383).
LogModuleManager: Display: Found up-to-date module file ../../../Engine/Plugins/Runtime/ArchVisCharacter/Binaries/Win64/UE4Editor-ArchVisCharacter.dll (API version 3709383).
LogModuleManager: Display: Found up-to-date module file ../../../Engine/Plugins/Runtime/CableComponent/Binaries/Win64/UE4Editor-CableComponent.dll (API version 3709383).
LogModuleManager: Display: Found up-to-date module file ../../../Engine/Plugins/Runtime/CustomMeshComponent/Binaries/Win64/UE4Editor-CustomMeshComponent.dll (API version 3709383).
LogModuleManager: Display: Found up-to-date module file ../../../Engine/Plugins/Runtime/ExampleDeviceProfileSelector/Binaries/Win64/UE4Editor-ExampleDeviceProfileSelector.dll (API version 3709383).
LogModuleManager: Display: Found up-to-date module file ../../../Engine/Plugins/Runtime/ImmediatePhysics/Binaries/Win64/UE4Editor-ImmediatePhysics.dll (API version 3709383).
LogModuleManager: Display: Found up-to-date module file ../../../Engine/Plugins/Runtime/ImmediatePhysics/Binaries/Win64/UE4Editor-ImmediatePhysicsEditor.dll (API version 3709383).
LogModuleManager: Display: Found up-to-date module file ../../../Engine/Plugins/Runtime/LocationServicesBPLibrary/Binaries/Win64/UE4Editor-LocationServicesBPLibrary.dll (API version 3709383).
LogModuleManager: Display: Found up-to-date module file ../../../Engine/Plugins/Runtime/MobilePatchingUtils/Binaries/Win64/UE4Editor-MobilePatchingUtils.dll (API version 3709383).
LogModuleManager: Display: Found up-to-date module file ../../../Engine/Plugins/Runtime/Oculus/OculusVR/Binaries/Win64/UE4Editor-OculusHMD.dll (API version 3709383).
LogModuleManager: Display: Found up-to-date module file ../../../Engine/Plugins/Runtime/Oculus/OculusVR/Binaries/Win64/UE4Editor-OculusInput.dll (API version 3709383).
LogModuleManager: Display: Found up-to-date module file ../../../Engine/Plugins/Runtime/Oculus/OculusVR/Binaries/Win64/UE4Editor-OculusEditor.dll (API version 3709383).
LogModuleManager: Display: Found up-to-date module file ../../../Engine/Plugins/Runtime/PhysXVehicles/Binaries/Win64/UE4Editor-PhysXVehicles.dll (API version 3709383).
LogModuleManager: Display: Found up-to-date module file ../../../Engine/Plugins/Runtime/PhysXVehicles/Binaries/Win64/UE4Editor-PhysXVehiclesEditor.dll (API version 3709383).
LogModuleManager: Display: Found up-to-date module file ../../../Engine/Plugins/Runtime/ProceduralMeshComponent/Binaries/Win64/UE4Editor-ProceduralMeshComponent.dll (API version 3709383).
LogModuleManager: Display: Found up-to-date module file ../../../Engine/Plugins/Runtime/ProceduralMeshComponent/Binaries/Win64/UE4Editor-ProceduralMeshComponentEditor.dll (API version 3709383).
LogModuleManager: Display: Found up-to-date module file ../../../Engine/Plugins/Runtime/RuntimePhysXCooking/Binaries/Win64/UE4Editor-RuntimePhysXCooking.dll (API version 3709383).
LogModuleManager: Display: Found up-to-date module file ../../../Engine/Plugins/Runtime/Steam/SteamVR/Binaries/Win64/UE4Editor-SteamVR.dll (API version 3709383).
LogModuleManager: Display: Found up-to-date module file ../../../Engine/Plugins/Runtime/Steam/SteamVR/Binaries/Win64/UE4Editor-SteamVRController.dll (API version 3709383).
LogModuleManager: Display: Found up-to-date module file ../../../Engine/Plugins/Runtime/WindowsMoviePlayer/Binaries/Win64/UE4Editor-WindowsMoviePlayer.dll (API version 3709383).
LogPluginManager: Mounting plugin Paper2D
LogPluginManager: Mounting plugin LightPropagationVolume
LogPluginManager: Mounting plugin CodeLiteSourceCodeAccess
LogPluginManager: Mounting plugin GitSourceControl
LogPluginManager: Mounting plugin KDevelopSourceCodeAccess
LogPluginManager: Mounting plugin NullSourceCodeAccess
LogPluginManager: Mounting plugin PerforceSourceControl
LogPluginManager: Mounting plugin SubversionSourceControl
LogPluginManager: Mounting plugin UObjectPlugin
LogPluginManager: Mounting plugin VisualStudioCodeSourceCodeAccess
LogPluginManager: Mounting plugin VisualStudioSourceCodeAccess
LogPluginManager: Mounting plugin XCodeSourceCodeAccess
LogPluginManager: Mounting plugin AssetManagerEditor
LogPluginManager: Mounting plugin AudioCapture
LogPluginManager: Mounting plugin FacialAnimation
LogPluginManager: Mounting plugin GameplayTagsEditor
LogPluginManager: Mounting plugin MobileLauncherProfileWizard
LogPluginManager: Mounting plugin PluginBrowser
LogPluginManager: Mounting plugin SpeedTreeImporter
LogPluginManager: Mounting plugin AlembicImporter
LogPluginManager: Mounting plugin CharacterAI
LogPluginManager: Mounting plugin HTML5Networking
LogPluginManager: Mounting plugin AndroidMedia
LogPluginManager: Mounting plugin AvfMedia
LogPluginManager: Mounting plugin ImgMedia
LogPluginManager: Mounting plugin MediaCompositing
LogPluginManager: Mounting plugin MediaPlayerEditor
LogPluginManager: Mounting plugin WmfMedia
LogPluginManager: Mounting plugin TcpMessaging
LogPluginManager: Mounting plugin UdpMessaging
LogPluginManager: Mounting plugin ActorSequence
LogPluginManager: Mounting plugin LevelSequenceEditor
LogPluginManager: Mounting plugin MatineeToLevelSequence
LogPluginManager: Mounting plugin OnlineSubsystemGooglePlay
LogPluginManager: Mounting plugin OnlineSubsystemIOS
LogPluginManager: Mounting plugin OnlineSubsystem
LogPluginManager: Mounting plugin OnlineSubsystemNull
LogPluginManager: Mounting plugin OnlineSubsystemUtils
LogPluginManager: Mounting plugin AndroidDeviceProfileSelector
LogPluginManager: Mounting plugin AndroidMoviePlayer
LogPluginManager: Mounting plugin AndroidPermission
LogPluginManager: Mounting plugin AppleARKit
LogPluginManager: Mounting plugin AppleMoviePlayer
LogPluginManager: Mounting plugin ArchVisCharacter
LogPluginManager: Mounting plugin CableComponent
LogPluginManager: Mounting plugin CustomMeshComponent
LogPluginManager: Mounting plugin ExampleDeviceProfileSelector
LogPluginManager: Mounting plugin GoogleCloudMessaging
LogPluginManager: Mounting plugin ImmediatePhysics
LogPluginManager: Mounting plugin IOSDeviceProfileSelector
LogPluginManager: Mounting plugin LinuxDeviceProfileSelector
LogPluginManager: Mounting plugin LocationServicesBPLibrary
LogPluginManager: Mounting plugin MobilePatchingUtils
LogPluginManager: Mounting plugin OculusVR
LogPluginManager: Plugin shader directory ../../../Engine/Plugins/Runtime/Oculus/OculusVR/Shaders found
LogPluginManager: Mapping shader source directory ../../../Engine/Plugins/Runtime/Oculus/OculusVR/Shaders to virtual directory /Plugin/OculusVR
LogPluginManager: Mounting plugin PhysXVehicles
LogPluginManager: Mounting plugin ProceduralMeshComponent
LogPluginManager: Mounting plugin RuntimePhysXCooking
LogPluginManager: Mounting plugin SteamVR
LogPluginManager: Mounting plugin WindowsMoviePlayer
LogInit: Using libcurl 7.47.1
LogInit:  - built for x86_64-pc-win32
LogInit:  - supports SSL with OpenSSL/1.0.2g
LogInit:  - supports HTTP deflate (compression) using libz 1.2.8
LogInit:  - other features:
LogInit:      CURL_VERSION_SSL
LogInit:      CURL_VERSION_LIBZ
LogInit:      CURL_VERSION_IPV6
LogInit:      CURL_VERSION_ASYNCHDNS
LogInit:      CURL_VERSION_LARGEFILE
LogInit:      CURL_VERSION_IDN
LogInit:  CurlRequestOptions (configurable via config and command line):
LogInit:  - bVerifyPeer = false  - Libcurl will NOT verify peer certificate
LogInit:  - bUseHttpProxy = false  - Libcurl will NOT use HTTP proxy
LogInit:  - bDontReuseConnections = false  - Libcurl will reuse connections
LogInit:  - CertBundlePath = nullptr  - Libcurl will use whatever was configured at build time.
LogInit: Build: ++UE4+Release-4.18-CL-3832480
LogInit: Engine Version: 4.18.3-3832480+++UE4+Release-4.18
LogInit: Compatible Engine Version: 4.18.0-3709383+++UE4+Release-4.18
LogInit: Net CL: 3709383
LogDevObjectVersion: Number of dev versions registered: 16
LogDevObjectVersion:   Dev-Blueprints (B0D832E4-1F89-4F0D-ACCF-7EB736FD4AA2): 10
LogDevObjectVersion:   Dev-Build (E1C64328-A22C-4D53-A36C-8E866417BD8C): 0
LogDevObjectVersion:   Dev-Core (375EC13C-06E4-48FB-B500-84F0262A717E): 2
LogDevObjectVersion:   Dev-Editor (E4B068ED-F494-42E9-A231-DA0B2E46BB41): 20
LogDevObjectVersion:   Dev-Framework (CFFC743F-43B0-4480-9391-14DF171D2073): 30
LogDevObjectVersion:   Dev-Mobile (B02B49B5-BB20-44E9-A304-32B752E40360): 0
LogDevObjectVersion:   Dev-Networking (A4E4105C-59A1-49B5-A7C5-40C4547EDFEE): 0
LogDevObjectVersion:   Dev-Online (39C831C9-5AE6-47DC-9A44-9C173E1C8E7C): 0
LogDevObjectVersion:   Dev-Physics (78F01B33-EBEA-4F98-B9B4-84EACCB95AA2): 0
LogDevObjectVersion:   Dev-Platform (6631380F-2D4D-43E0-8009-CF276956A95A): 0
LogDevObjectVersion:   Dev-Rendering (12F88B9F-8875-4AFC-A67C-D90C383ABD29): 20
LogDevObjectVersion:   Dev-Sequencer (7B5AE74C-D270-4C10-A958-57980B212A5A): 4
LogDevObjectVersion:   Dev-VR (D7296918-1DD6-4BDD-9DE2-64A83CC13884): 0
LogDevObjectVersion:   Dev-LoadTimes (C2A15278-BFE7-4AFE-6C17-90FF531DF755): 1
LogDevObjectVersion:   Private-Geometry (6EACA3D4-40EC-4CC1-B786-8BED09428FC5): 1
LogDevObjectVersion:   Dev-AnimPhys (29E575DD-E0A3-4627-9D10-D276232CDCEA): 12
LogInit: Compiled (64-bit): Jan 12 2018 02:04:55
LogInit: Compiled with Visual C++: 19.00.24215.01
LogInit: Build Configuration: Development
LogInit: Branch Name: ++UE4+Release-4.18
LogInit: Command line:  
LogInit: Base directory: C:/Program Files/Epic Games/UE_4.18/Engine/Binaries/Win64/
LogInit: Installed Engine Build: 1
LogInit: Presizing for max 8388607 objects, including 0 objects not considered by GC, pre-allocating 0 bytes for permanent pool.
LogInit: Object subsystem initialized
[2018.05.30-06.40.23:026][  0]LogInit: Selected Device Profile: [Windows]
[2018.05.30-06.40.23:026][  0]LogInit: Applying CVar settings loaded from the selected device profile: [Windows]
[2018.05.30-06.40.23:038][  0]LogInit: Computer: DESKTOP-0TQE0N7
[2018.05.30-06.40.23:039][  0]LogInit: User: C22116
[2018.05.30-06.40.23:039][  0]LogInit: CPU Page size=4096, Cores=4
[2018.05.30-06.40.23:039][  0]LogInit: High frequency timer resolution =3.515624 MHz
[2018.05.30-06.40.23:039][  0]LogMemory: Memory total: Physical=15.9GB (16GB approx)
[2018.05.30-06.40.23:039][  0]LogMemory: Platform Memory Stats for Windows
[2018.05.30-06.40.23:039][  0]LogMemory: Process Physical Memory: 272.09 MB used, 272.09 MB peak
[2018.05.30-06.40.23:039][  0]LogMemory: Process Virtual Memory: 269.90 MB used, 269.90 MB peak
[2018.05.30-06.40.23:039][  0]LogMemory: Physical Memory: 5081.81 MB used,  11181.40 MB free, 16263.21 MB total
[2018.05.30-06.40.23:039][  0]LogMemory: Virtual Memory: 4778.66 MB used,  11181.40 MB free, 134217728.00 MB total
[2018.05.30-06.40.23:162][  0]LogInit: Overriding language with editor language configuration option (ko).
[2018.05.30-06.40.23:162][  0]LogInit: Overriding locale with editor locale configuration option (ko).
[2018.05.30-06.40.23:299][  0]LogInit: Setting process to per monitor DPI aware
[2018.05.30-06.40.23:496][  0]LogD3D11RHI: D3D11 adapters:
[2018.05.30-06.40.23:537][  0]LogD3D11RHI:    0. 'NVIDIA GeForce GTX 1070' (Feature Level 11_0)
[2018.05.30-06.40.23:537][  0]LogD3D11RHI:       8115/0/8131 MB DedicatedVideo/DedicatedSystem/SharedSystem, Outputs:1, VendorId:0x10de
[2018.05.30-06.40.23:546][  0]LogD3D11RHI:    1. 'Intel(R) HD Graphics 630' (Feature Level 11_0)
[2018.05.30-06.40.23:546][  0]LogD3D11RHI:       128/0/8131 MB DedicatedVideo/DedicatedSystem/SharedSystem, Outputs:0, VendorId:0x8086
[2018.05.30-06.40.23:547][  0]LogD3D11RHI:    2. 'Microsoft Basic Render Driver' (Feature Level 11_0)
[2018.05.30-06.40.23:547][  0]LogD3D11RHI:       0/0/8131 MB DedicatedVideo/DedicatedSystem/SharedSystem, Outputs:0, VendorId:0x1414
[2018.05.30-06.40.23:547][  0]LogD3D11RHI: Chosen D3D11 Adapter: 0
[2018.05.30-06.40.23:552][  0]LogD3D11RHI: Creating new Direct3DDevice
[2018.05.30-06.40.23:552][  0]LogD3D11RHI:     GPU DeviceId: 0x1b81 (for the marketing name, search the web for "GPU Device Id")
[2018.05.30-06.40.23:552][  0]LogWindows: EnumDisplayDevices:
[2018.05.30-06.40.23:552][  0]LogWindows:    0. 'NVIDIA GeForce GTX 1070' (P:1 D:1)
[2018.05.30-06.40.23:552][  0]LogWindows:    1. 'NVIDIA GeForce GTX 1070' (P:0 D:0)
[2018.05.30-06.40.23:552][  0]LogWindows:    2. 'NVIDIA GeForce GTX 1070' (P:0 D:0)
[2018.05.30-06.40.23:552][  0]LogWindows:    3. 'NVIDIA GeForce GTX 1070' (P:0 D:0)
[2018.05.30-06.40.23:552][  0]LogWindows:    4. 'Intel(R) HD Graphics 630' (P:0 D:0)
[2018.05.30-06.40.23:552][  0]LogWindows:    5. 'Intel(R) HD Graphics 630' (P:0 D:0)
[2018.05.30-06.40.23:552][  0]LogWindows:    6. 'Intel(R) HD Graphics 630' (P:0 D:0)
[2018.05.30-06.40.23:552][  0]LogWindows: DebugString: GetVideoDriverDetailsInvalid PrimaryIsNotTheChoosenAdapter GetVideoDriverDetailsInvalid PrimaryIsNotTheChoosenAdapter GetVideoDriverDetailsInvalid PrimaryIsNotTheChoosenAdapter GetVideoDriverDetailsInvalid PrimaryIsNotTheChoosenAdapter GetVideoDriverDetailsInvalid PrimaryIsNotTheChoosenAdapter GetVideoDriverDetailsInvalid PrimaryIsNotTheChoosenAdapter GetVideoDriverDetailsInvalid PrimaryIsNotTheChoosenAdapter FoundDriverCount:0 
[2018.05.30-06.40.23:552][  0]LogD3D11RHI:     Adapter Name: NVIDIA GeForce GTX 1070
[2018.05.30-06.40.23:552][  0]LogD3D11RHI:   Driver Version: Unknown (internal:Unknown, unified:Unknown)
[2018.05.30-06.40.23:552][  0]LogD3D11RHI:      Driver Date: Unknown
[2018.05.30-06.40.23:552][  0]LogRHI: Texture pool is 5680 MB (70% of 8115 MB)
[2018.05.30-06.40.23:571][  0]LogD3D11RHI: Async texture creation enabled
[2018.05.30-06.40.23:581][  0]LogD3D11RHI: GPU Timing Frequency: 1000.000000 (Debug: 2 1)
[2018.05.30-06.40.23:624][  0]LogShaderCompilers: Guid format shader working directory is 6 characters bigger than the processId version (D:/ll/myhighgrapicseffect/고그효/고그효3인칭에님이미터/Intermediate/Shaders/WorkingDirectory/12528/).
[2018.05.30-06.40.23:624][  0]LogShaderCompilers: Cleaned the shader compiler working directory 'C:/Users/C221-16/AppData/Local/Temp/UnrealShaderWorkingDir/07139A14423DDD3F9E8AB19BA6678490/'.
[2018.05.30-06.40.23:624][  0]LogShaderCompilers: Display: Using Local Shader Compiler.
[2018.05.30-06.40.24:314][  0]LogTemp: Display: Loaded TP AllDesktopTargetPlatform
[2018.05.30-06.40.24:358][  0]LogTemp: Display: Loaded TP MacClientTargetPlatform
[2018.05.30-06.40.24:401][  0]LogTemp: Display: Loaded TP MacNoEditorTargetPlatform
[2018.05.30-06.40.24:445][  0]LogTemp: Display: Loaded TP MacServerTargetPlatform
[2018.05.30-06.40.24:487][  0]LogTemp: Display: Loaded TP MacTargetPlatform
[2018.05.30-06.40.24:530][  0]LogTemp: Display: Loaded TP WindowsClientTargetPlatform
[2018.05.30-06.40.24:576][  0]LogTemp: Display: Loaded TP WindowsNoEditorTargetPlatform
[2018.05.30-06.40.24:621][  0]LogTemp: Display: Loaded TP WindowsServerTargetPlatform
[2018.05.30-06.40.24:661][  0]LogTemp: Display: Loaded TP WindowsTargetPlatform
[2018.05.30-06.40.24:709][  0]LogTemp: Display: Loaded TP Android_ASTCTargetPlatform
[2018.05.30-06.40.24:754][  0]LogTemp: Display: Loaded TP Android_ATCTargetPlatform
[2018.05.30-06.40.24:804][  0]LogTemp: Display: Loaded TP Android_DXTTargetPlatform
[2018.05.30-06.40.24:848][  0]LogTemp: Display: Loaded TP Android_ETC1TargetPlatform
[2018.05.30-06.40.24:892][  0]LogTemp: Display: Loaded TP Android_ETC2TargetPlatform
[2018.05.30-06.40.24:984][  0]LogTemp: Display: Loaded TP Android_MultiTargetPlatform
[2018.05.30-06.40.24:984][  0]LogTemp: Display: Loaded TP Android_PVRTCTargetPlatform
[2018.05.30-06.40.25:028][  0]LogTemp: Display: Loaded TP AndroidTargetPlatform
[2018.05.30-06.40.25:063][  0]LogTemp: Display: Loaded TP HTML5TargetPlatform
[2018.05.30-06.40.25:143][  0]LogTemp: Display: Loaded TP IOSTargetPlatform
[2018.05.30-06.40.25:165][  0]LogTemp: Display: Loaded TP TVOSTargetPlatform
[2018.05.30-06.40.25:208][  0]LogTemp: Display: Loaded TP LinuxClientTargetPlatform
[2018.05.30-06.40.25:250][  0]LogTemp: Display: Loaded TP LinuxNoEditorTargetPlatform
[2018.05.30-06.40.25:292][  0]LogTemp: Display: Loaded TP LinuxServerTargetPlatform
[2018.05.30-06.40.25:334][  0]LogTemp: Display: Loaded TP LinuxTargetPlatform
[2018.05.30-06.40.25:334][  0]LogTargetPlatformManager: Display: Building Assets For Windows
[2018.05.30-06.40.25:753][  0]LogDerivedDataCache: Display: Max Cache Size: 512 MB
[2018.05.30-06.40.25:804][  0]LogDerivedDataCache: Loaded boot cache 0.05s 78MB C:/Users/C221-16/AppData/Local/UnrealEngine/4.18/DerivedDataCache/Boot.ddc.
[2018.05.30-06.40.25:804][  0]LogDerivedDataCache: Display: Loaded Boot cache: C:/Users/C221-16/AppData/Local/UnrealEngine/4.18/DerivedDataCache/Boot.ddc
[2018.05.30-06.40.25:804][  0]LogDerivedDataCache: FDerivedDataBackendGraph:  Pak pak cache file D:/ll/myhighgrapicseffect/고그효/고그효3인칭에님이미터/DerivedDataCache/DDC.ddp not found, will not use a pak cache.
[2018.05.30-06.40.25:804][  0]LogDerivedDataCache: Unable to find inner node Pak for hierarchical cache Hierarchy.
[2018.05.30-06.40.25:805][  0]LogDerivedDataCache: FDerivedDataBackendGraph:  CompressedPak pak cache file D:/ll/myhighgrapicseffect/고그효/고그효3인칭에님이미터/DerivedDataCache/Compressed.ddp not found, will not use a pak cache.
[2018.05.30-06.40.25:805][  0]LogDerivedDataCache: Unable to find inner node CompressedPak for hierarchical cache Hierarchy.
[2018.05.30-06.40.25:817][  0]LogDerivedDataCache: Display: Pak cache opened for reading ../../../Engine/DerivedDataCache/Compressed.ddp.
[2018.05.30-06.40.25:829][  0]LogDerivedDataCache: Using Local data cache path C:/Users/C221-16/AppData/Local/UnrealEngine/Common/DerivedDataCache: Writable
[2018.05.30-06.40.25:837][  0]LogMaterial: Verifying Global Shaders for PCD3D_SM5
[2018.05.30-06.40.25:837][  0]LogSlate: Using Freetype 2.6.0
[2018.05.30-06.40.25:837][  0]LogSlate: SlateFontCache - WITH_FREETYPE: 1, WITH_HARFBUZZ: 1
[2018.05.30-06.40.25:837][  0]LogSlate: SlateFontCache - WITH_FREETYPE: 1, WITH_HARFBUZZ: 1
[2018.05.30-06.40.26:105][  0]LogInit: Selected Device Profile: [Windows]
[2018.05.30-06.40.26:387][  0]LogSimplygon: Simplygon DLL not present - disabling.
[2018.05.30-06.40.26:421][  0]LogMeshReduction: Using SimplygonSwarm for distributed automatic mesh merging
[2018.05.30-06.40.26:421][  0]LogMeshReduction: Using QuadricMeshReduction for automatic static mesh reduction
[2018.05.30-06.40.26:421][  0]LogMeshReduction: No automatic skeletal mesh reduction module available
[2018.05.30-06.40.26:421][  0]LogMeshReduction: No automatic mesh merging module available
[2018.05.30-06.40.26:421][  0]LogMeshMerging: No automatic mesh merging module available
[2018.05.30-06.40.26:450][  0]LogNetVersion: 고그효3인칭에님이미터 , NetCL: 3709383, EngineNetVer: 2, GameNetVer: 0 (Checksum: 2299942067)
[2018.05.30-06.40.26:595][  0]LogAssetRegistry: FAssetRegistry took 0.0247 seconds to start up
[2018.05.30-06.40.27:018][  0]LogPackageLocalizationCache: Processed 7 localized package path(s) for 1 prioritized culture(s) in 0.027429 seconds
[2018.05.30-06.40.27:024][  0]LogUObjectArray: 35870 objects as part of root set at end of initial load.
[2018.05.30-06.40.27:024][  0]LogUObjectAllocator: 7363696 out of 0 bytes used by permanent object pool.
[2018.05.30-06.40.27:024][  0]LogUObjectArray: CloseDisregardForGC: 0/0 objects in disregard for GC pool
[2018.05.30-06.40.27:081][  0]LogInit: WinSock: version 1.1 (2.2), MaxSocks=32767, MaxUdp=65467
[2018.05.30-06.40.29:341][  0]LogTcpMessaging: Initializing TcpMessaging bridge
[2018.05.30-06.40.29:380][  0]LogUdpMessaging: Initializing bridge on interface 0.0.0.0:0 to multicast group 230.0.0.1:6666.
[2018.05.30-06.40.29:994][  0]LogMaterial: Uniform references updated for custom material expression Custom.
[2018.05.30-06.40.30:363][  0]SourceControl: 소스 콘트롤이 꺼졌습니다.
[2018.05.30-06.40.30:363][  0]SourceControl: 소스 콘트롤이 꺼졌습니다.
[2018.05.30-06.40.30:410][  0]SourceControl: 소스 콘트롤이 꺼졌습니다.
[2018.05.30-06.40.30:458][  0]SourceControl: 소스 콘트롤이 꺼졌습니다.
[2018.05.30-06.40.31:168][  0]LogAndroidPermission: UAndroidPermissionCallbackProxy::GetInstance
[2018.05.30-06.40.31:401][  0]LogOcInput: OculusInput pre-init called
[2018.05.30-06.40.31:658][  0]LogEngine: Initializing Engine...
[2018.05.30-06.40.31:660][  0]LogHMD: Failed to initialize OpenVR with code 110
[2018.05.30-06.40.31:820][  0]LogStats: UGameplayTagsManager::ConstructGameplayTagTree: Construct from data asset -  0.000 s
[2018.05.30-06.40.31:820][  0]LogStats: UGameplayTagsManager::ConstructGameplayTagTree: GameplayTagTreeChangedEvent.Broadcast -  0.000 s
[2018.05.30-06.40.31:926][  0]LogAIModule: Creating AISystem for world Untitled
[2018.05.30-06.40.31:934][  0]LogInit: XAudio2 using '스피커(Conexant HD Audio)' : 2 channels at 48 kHz using 32 bits per sample (channel mask 0x3)
[2018.05.30-06.40.32:096][  0]LogInit: FAudioDevice initialized.
[2018.05.30-06.40.32:192][  0]LogDerivedDataCache: Saved boot cache 0.10s 78MB C:/Users/C221-16/AppData/Local/UnrealEngine/4.18/DerivedDataCache/Boot.ddc.
[2018.05.30-06.40.32:204][  0]LogInit: Texture streaming: Enabled
[2018.05.30-06.40.32:287][  0]LogEngineSessionManager: EngineSessionManager initialized
[2018.05.30-06.40.32:399][  0]LogInit: Transaction tracking system initialized
[2018.05.30-06.40.32:664][  0]BlueprintLog: New page: 에디터 로드
[2018.05.30-06.40.33:409][  0]LocalizationService: 현지화 서비스가 비활성화되었습니다.
[2018.05.30-06.40.34:037][  0]LogConsoleResponse: Display: 
[2018.05.30-06.40.34:204][  0]LogCook: Display: Max memory allowance for cook 16384mb min free memory 0mb
[2018.05.30-06.40.34:204][  0]LogCook: Display: Mobile HDR setting 1
[2018.05.30-06.40.34:204][  0]LogGameplayTags: Display: UGameplayTagsManager::DoneAddingNativeTags. DelegateIsBound: 0
[2018.05.30-06.40.34:773][  0]LogFileCache: Scanning file cache for directory 'D:/ll/myhighgrapicseffect/고그효/고그효3인칭에님이미터/Content/' took 0.01s
[2018.05.30-06.40.35:232][  0]SourceControl: 소스 콘트롤이 꺼졌습니다.
[2018.05.30-06.40.35:232][  0]Cmd: MAP LOAD FILE="../../../Engine/Content/Maps/Templates/Template_Default.umap" TEMPLATE=1 SHOWPROGRESS=1 FEATURELEVEL=3
[2018.05.30-06.40.35:249][  0]LightingResults: New page: 라이팅 빌드
[2018.05.30-06.40.35:284][  0]MapCheck: New page: 맵 체크
[2018.05.30-06.40.35:284][  0]LightingResults: New page: 라이팅 빌드
[2018.05.30-06.40.35:519][  0]LogAIModule: Creating AISystem for world Untitled_1
[2018.05.30-06.40.35:524][  0]LogEditorServer: Finished looking for orphan Actors (0.000 secs)
[2018.05.30-06.40.35:533][  0]Cmd: MAP CHECKDEP NOCLEARLOG
[2018.05.30-06.40.35:575][  0]MapCheck: 맵 체크 완료: 오류 0 회, 경고 0 회, 소요 시간 42.125ms.
[2018.05.30-06.40.35:575][  0]LogFileHelpers: Loading map 'Template_Default' took 0.344
[2018.05.30-06.40.35:693][  0]LogCollectionManager: Loaded 0 collections in 0.001291 seconds
[2018.05.30-06.40.35:766][  0]LogFileCache: Scanning file cache for directory 'D:/ll/myhighgrapicseffect/고그효/고그효3인칭에님이미터/Saved/Collections/' took 0.01s
[2018.05.30-06.40.35:766][  0]LogFileCache: Scanning file cache for directory 'D:/ll/myhighgrapicseffect/고그효/고그효3인칭에님이미터/Content/Developers/C22116/Collections/' took 0.01s
[2018.05.30-06.40.35:766][  0]LogFileCache: Scanning file cache for directory 'D:/ll/myhighgrapicseffect/고그효/고그효3인칭에님이미터/Content/Collections/' took 0.01s
[2018.05.30-06.40.35:766][  0]LogCollectionManager: Rebuilt the GUID cache for 0 collections in 0.000000 seconds
[2018.05.30-06.40.35:773][  0]LogContentBrowser: Native class hierarchy populated in 0.0067 seconds. Added 2363 classes and 519 folders.
[2018.05.30-06.40.35:832][  0]LogContentBrowser: Native class hierarchy updated for 'WidgetCarousel' in 0.0002 seconds. Added 0 classes and 0 folders.
[2018.05.30-06.40.35:866][  0]LogContentBrowser: Native class hierarchy updated for 'AddContentDialog' in 0.0002 seconds. Added 0 classes and 0 folders.
[2018.05.30-06.40.35:902][  0]LogContentBrowser: Native class hierarchy updated for 'SceneOutliner' in 0.0002 seconds. Added 1 classes and 2 folders.
[2018.05.30-06.40.35:947][  0]LogSlate: Took 0.000156 seconds to synchronously load lazily loaded font '../../../Engine/Content/Slate/Fonts/Roboto-Regular.ttf' (155K)
[2018.05.30-06.40.35:950][  0]LogSlate: Took 0.002562 seconds to synchronously load lazily loaded font '../../../Engine/Content/Slate/Fonts/NanumGothic.ttf' (4243K)
[2018.05.30-06.40.35:951][  0]LogSlate: Took 0.000146 seconds to synchronously load lazily loaded font '../../../Engine/Content/Slate/Fonts/Roboto-Bold.ttf' (160K)
[2018.05.30-06.40.35:954][  0]LogSlate: Took 0.000178 seconds to synchronously load lazily loaded font '../../../Engine/Content/Editor/Slate/Fonts/FontAwesome.ttf' (139K)
[2018.05.30-06.40.36:029][  0]LogRenderer: Reallocating scene render targets to support 1120x692 Format 10 NumSamples 1 (Frame:1).
[2018.05.30-06.40.36:178][  0]LogContentBrowser: Native class hierarchy updated for 'HierarchicalLODOutliner' in 0.0002 seconds. Added 1 classes and 2 folders.
[2018.05.30-06.40.36:178][  0]LogLoad: (Engine Initialization) Total time: 15.35 seconds
[2018.05.30-06.40.36:178][  0]LogLoad: (Engine Initialization) Total Blueprint compile time: 0.00 seconds
[2018.05.30-06.40.36:178][  0]LogExternalProfiler: Found external profiler: VSPerf
[2018.05.30-06.40.36:178][  0]LogExternalProfiler: Using external profiler: VSPerf
[2018.05.30-06.40.36:534][  0]LogAssetRegistry: Asset discovery search completed in 9.9610 seconds
[2018.05.30-06.40.36:535][  0]LogCollectionManager: Rebuilt the object cache for 0 collections in 0.000000 seconds (found 0 objects)
[2018.05.30-06.40.36:535][  0]LogCollectionManager: Fixed up redirectors for 0 collections in 0.000037 seconds (updated 0 objects)
[2018.05.30-06.40.36:538][  0]LogContentStreaming: Texture pool size now 1000 MB
[2018.05.30-06.40.36:582][  0]LogSlate: Took 0.000128 seconds to synchronously load lazily loaded font '../../../Engine/Content/Slate/Fonts/Roboto-Light.ttf' (159K)
[2018.05.30-06.40.37:520][  3]LogSlate: Took 0.000123 seconds to synchronously load lazily loaded font '../../../Engine/Content/Slate/Fonts/Roboto-Light.ttf' (159K)
[2018.05.30-06.40.45:278][615]LogSlate: Took 0.000113 seconds to synchronously load lazily loaded font '../../../Engine/Content/Slate/Fonts/Roboto-Light.ttf' (159K)
[2018.05.30-06.40.45:607][615]LogMaterial: Missing cached shader map for material M_Rock, compiling. 
[2018.05.30-06.40.45:681][615]LogAIModule: Creating AISystem for world fdfd
[2018.05.30-06.40.45:701][615]Cmd: MAP LOAD FILE="D:/ll/myhighgrapicseffect/고그효/고그효3인칭에님이미터/Content/ThirdPersonBP/05_10/fdfd.umap" TEMPLATE=0 SHOWPROGRESS=1 FEATURELEVEL=3
[2018.05.30-06.40.45:702][615]LightingResults: New page: 라이팅 빌드
[2018.05.30-06.40.45:702][615]LoadErrors: New page: 맵 로드중: fdfd.umap
[2018.05.30-06.40.45:703][615]MapCheck: New page: 맵 체크
[2018.05.30-06.40.45:703][615]LightingResults: New page: 라이팅 빌드
[2018.05.30-06.40.45:760][615]LogEditorServer: Finished looking for orphan Actors (0.000 secs)
[2018.05.30-06.40.45:793][615]Cmd: MAP CHECKDEP NOCLEARLOG
[2018.05.30-06.40.45:849][615]MapCheck: 맵 체크 완료: 오류 0 회, 경고 0 회, 소요 시간 55.69ms.
[2018.05.30-06.40.45:849][615]LogFileHelpers: Loading map 'fdfd' took 0.148
[2018.05.30-06.41.04:051][737]LogTexture: Display: 텍스처 빌드: T_Tech_Hex_Tile_M (AutoDXT, 1024X1024)
[2018.05.30-06.41.05:890][938]LogEditorViewport: Clicking on Actor (LMB): StaticMeshActor (Plane)
[2018.05.30-06.41.11:462][586]LogEditorViewport: Clicking on Actor (LMB): Emitter (Particle516)
[2018.05.30-06.41.11:950][641]Cmd: DELETE
[2018.05.30-06.41.11:950][641]Cmd: ACTOR DELETE
[2018.05.30-06.41.11:953][641]LogEditorActor: Deleted Actor: Emitter
[2018.05.30-06.41.11:961][641]LogEditorActor: Deleted 1 Actors (0.009 secs)
[2018.05.30-06.41.14:747][972]Cmd: OBJ SAVEPACKAGE PACKAGE="/Game/ThirdPersonBP/05_10/fdfd" FILE="D:/ll/myhighgrapicseffect/고그효/고그효3인칭에님이미터/Content/ThirdPersonBP/05_10/fdfd.umap" SILENT=true AUTOSAVING=false KEEPDIRTY=false
[2018.05.30-06.41.14:805][972]LogSavePackage: Save=45.57ms
[2018.05.30-06.41.14:805][972]LogSavePackage: Moving 'D:/ll/myhighgrapicseffect/고그효/고그효3인칭에님이미터/Saved/fdfd459CBB4540938280FC63A9BE745B4DF3.tmp' to 'D:/ll/myhighgrapicseffect/고그효/고그효3인칭에님이미터/Content/ThirdPersonBP/05_10/fdfd.umap'
[2018.05.30-06.41.14:809][972]LogSavePackage: Display: Finished SavePackage D:/ll/myhighgrapicseffect/고그효/고그효3인칭에님이미터/Content/ThirdPersonBP/05_10/fdfd.umap
[2018.05.30-06.41.14:831][972]Cmd: OBJ SAVEPACKAGE PACKAGE="/Game/ThirdPersonBP/05_10/fdfd_BuiltData" FILE="D:/ll/myhighgrapicseffect/고그효/고그효3인칭에님이미터/Content/ThirdPersonBP/05_10/fdfd_BuiltData.uasset" SILENT=true
[2018.05.30-06.41.14:917][972]LogSavePackage: Save=78.15ms
[2018.05.30-06.41.14:918][972]LogSavePackage: Moving 'D:/ll/myhighgrapicseffect/고그효/고그효3인칭에님이미터/Saved/fdfd_BuiltData8B1BB74742E010FA036E2AAE75709516.tmp' to 'D:/ll/myhighgrapicseffect/고그효/고그효3인칭에님이미터/Content/ThirdPersonBP/05_10/fdfd_BuiltData.uasset'
[2018.05.30-06.41.14:918][972]LogSavePackage: Display: Finished SavePackage D:/ll/myhighgrapicseffect/고그효/고그효3인칭에님이미터/Content/ThirdPersonBP/05_10/fdfd_BuiltData.uasset
